{"name": "Проверка кнопок \"Заказать на Главной странице", "status": "failed", "statusDetails": {"message": "AssertionError: URL не соответствует странице заказа\nassert 'https://qa-scooter.praktikum-services.ru/order' == <bound method MainPage.get_url_order_page of <pages.main_page.MainPage object at 0x0000013158504EF0>>\n +  where 'https://qa-scooter.praktikum-services.ru/order' = <selenium.webdriver.firefox.webdriver.WebDriver (session=\"595ecc14-3510-43b7-adfb-625f9f38a5e3\")>.current_url\n +  and   <bound method MainPage.get_url_order_page of <pages.main_page.MainPage object at 0x0000013158504EF0>> = <pages.main_page.MainPage object at 0x0000013158504EF0>.get_url_order_page", "trace": "self = <test_main_page.TestMainPage object at 0x00000131584C4830>, driver = <selenium.webdriver.firefox.webdriver.WebDriver (session=\"595ecc14-3510-43b7-adfb-625f9f38a5e3\")>\nloc = ['xpath', \"(.//button[text()='Заказать'])[2]\"]\n\n    @allure.title('Проверка кнопок \"Заказать на Главной странице')\n    @allure.description('Проверяем, что по клику на кнопку Заказать на Главной странице'\n                        'открывается страница заказа')\n    @pytest.mark.parametrize('loc', [MainPageLocators.HEADER_ORDER_BUTTON, MainPageLocators.FOOTER_ORDER_BUTTON])\n    def test_order_button(self, driver, loc):\n        main_page = MainPage(driver)\n        main_page.open_main_page()\n        main_page.scroll_to_element(loc)\n        main_page.wait_for_load_element(loc)\n        main_page.click_element(loc)\n        main_page.wait_for_load_form()\n>       assert driver.current_url == main_page.get_url_order_page, 'URL не соответствует странице заказа'\nE       AssertionError: URL не соответствует странице заказа\nE       assert 'https://qa-scooter.praktikum-services.ru/order' == <bound method MainPage.get_url_order_page of <pages.main_page.MainPage object at 0x0000013158504EF0>>\nE        +  where 'https://qa-scooter.praktikum-services.ru/order' = <selenium.webdriver.firefox.webdriver.WebDriver (session=\"595ecc14-3510-43b7-adfb-625f9f38a5e3\")>.current_url\nE        +  and   <bound method MainPage.get_url_order_page of <pages.main_page.MainPage object at 0x0000013158504EF0>> = <pages.main_page.MainPage object at 0x0000013158504EF0>.get_url_order_page\n\ntests\\test_main_page.py:34: AssertionError"}, "description": "Проверяем, что по клику на кнопку Заказать на Главной страницеоткрывается страница заказа", "parameters": [{"name": "loc", "value": "['xpath', \"(.//button[text()='Заказать'])[2]\"]"}], "start": 1713996137178, "stop": 1713996140388, "uuid": "d5052eea-6ed4-40a8-9937-ab3725de0b1c", "historyId": "ad323b67f0376ece05f0fd491db3b6f1", "testCaseId": "296a52dd778f0a97a423203d828d05ac", "fullName": "tests.test_main_page.TestMainPage#test_order_button", "labels": [{"name": "parentSuite", "value": "tests"}, {"name": "suite", "value": "test_main_page"}, {"name": "subSuite", "value": "TestMainPage"}, {"name": "host", "value": "WIN-BHU1OVNKOHE"}, {"name": "thread", "value": "16300-MainThread"}, {"name": "framework", "value": "pytest"}, {"name": "language", "value": "cpython3"}, {"name": "package", "value": "tests.test_main_page"}]}